TN:
SF:src\app.js
FN:17,(anonymous_0)
FNF:1
FNH:1
FNDA:1,(anonymous_0)
DA:1,1
DA:2,1
DA:3,1
DA:6,1
DA:8,1
DA:11,1
DA:14,1
DA:17,1
DA:18,1
DA:22,1
DA:25,1
DA:28,1
LF:12
LH:12
BRF:0
BRH:0
end_of_record
TN:
SF:src\config\db.config.js
FN:13,(anonymous_0)
FNF:1
FNH:1
FNDA:1,(anonymous_0)
DA:1,1
DA:4,1
DA:6,1
DA:13,1
DA:14,1
DA:15,1
DA:18,1
LF:7
LH:7
BRDA:14,0,0,0
BRDA:14,0,1,1
BRF:2
BRH:1
end_of_record
TN:
SF:src\controllers\clientsController.js
FN:4,(anonymous_0)
FN:26,(anonymous_1)
FN:35,(anonymous_2)
FN:36,(anonymous_3)
FN:45,(anonymous_4)
FN:46,(anonymous_5)
FN:61,(anonymous_6)
FN:72,(anonymous_7)
FN:88,(anonymous_8)
FN:89,(anonymous_9)
FN:108,(anonymous_10)
FN:112,(anonymous_11)
FNF:12
FNH:12
FNDA:2,(anonymous_0)
FNDA:2,(anonymous_1)
FNDA:2,(anonymous_2)
FNDA:2,(anonymous_3)
FNDA:1,(anonymous_4)
FNDA:1,(anonymous_5)
FNDA:2,(anonymous_6)
FNDA:2,(anonymous_7)
FNDA:2,(anonymous_8)
FNDA:2,(anonymous_9)
FNDA:28,(anonymous_10)
FNDA:18,(anonymous_11)
DA:1,1
DA:2,1
DA:4,1
DA:6,2
DA:7,0
DA:13,2
DA:16,2
DA:26,2
DA:27,2
DA:28,0
DA:31,2
DA:35,1
DA:36,2
DA:37,2
DA:38,0
DA:41,2
DA:45,1
DA:46,1
DA:47,1
DA:48,1
DA:49,1
DA:53,0
DA:57,0
DA:61,1
DA:63,2
DA:64,0
DA:69,2
DA:73,2
DA:74,1
DA:75,1
DA:79,0
DA:83,1
DA:88,1
DA:89,2
DA:90,2
DA:91,1
DA:92,1
DA:96,0
DA:100,1
DA:105,1
DA:108,1
DA:109,28
DA:110,28
DA:112,28
DA:113,18
DA:114,0
DA:115,0
DA:117,0
DA:121,18
DA:123,18
DA:124,1
DA:131,17
DA:135,17
LF:53
LH:42
BRDA:6,0,0,0
BRDA:6,0,1,2
BRDA:27,1,0,0
BRDA:27,1,1,2
BRDA:29,2,0,0
BRDA:29,2,1,0
BRDA:37,3,0,0
BRDA:37,3,1,2
BRDA:39,4,0,0
BRDA:39,4,1,0
BRDA:47,5,0,1
BRDA:47,5,1,0
BRDA:48,6,0,1
BRDA:48,6,1,0
BRDA:63,7,0,0
BRDA:63,7,1,2
BRDA:73,8,0,1
BRDA:73,8,1,1
BRDA:74,9,0,1
BRDA:74,9,1,0
BRDA:90,10,0,1
BRDA:90,10,1,1
BRDA:91,11,0,1
BRDA:91,11,1,0
BRDA:113,12,0,0
BRDA:113,12,1,18
BRDA:114,13,0,0
BRDA:114,13,1,0
BRDA:123,14,0,1
BRDA:123,14,1,17
BRF:30
BRH:15
end_of_record
TN:
SF:src\middleware\authJwt.js
FN:3,(anonymous_0)
FN:14,(anonymous_1)
FNF:2
FNH:2
FNDA:9,(anonymous_0)
FNDA:7,(anonymous_1)
DA:1,1
DA:3,1
DA:4,9
DA:6,9
DA:7,2
DA:10,7
DA:11,0
DA:14,7
DA:15,7
DA:16,1
DA:18,6
DA:19,6
DA:23,1
LF:13
LH:12
BRDA:6,0,0,2
BRDA:6,0,1,7
BRDA:10,1,0,0
BRDA:10,1,1,7
BRDA:15,2,0,1
BRDA:15,2,1,6
BRF:6
BRH:5
end_of_record
TN:
SF:src\models\client.js
FN:3,(anonymous_0)
FN:12,(anonymous_1)
FN:13,(anonymous_2)
FN:24,(anonymous_3)
FN:25,(anonymous_4)
FN:41,(anonymous_5)
FN:42,(anonymous_6)
FN:53,(anonymous_7)
FN:57,(anonymous_8)
FN:74,(anonymous_9)
FN:75,(anonymous_10)
FN:91,(anonymous_11)
FN:92,(anonymous_12)
FNF:13
FNH:13
FNDA:4,(anonymous_0)
FNDA:2,(anonymous_1)
FNDA:2,(anonymous_2)
FNDA:1,(anonymous_3)
FNDA:1,(anonymous_4)
FNDA:2,(anonymous_5)
FNDA:2,(anonymous_6)
FNDA:2,(anonymous_7)
FNDA:2,(anonymous_8)
FNDA:28,(anonymous_9)
FNDA:18,(anonymous_10)
FNDA:2,(anonymous_11)
FNDA:2,(anonymous_12)
DA:1,1
DA:3,1
DA:4,4
DA:5,4
DA:6,4
DA:7,4
DA:8,4
DA:9,4
DA:12,1
DA:13,2
DA:14,2
DA:15,0
DA:16,0
DA:17,0
DA:19,2
DA:20,2
DA:24,1
DA:25,1
DA:26,1
DA:27,0
DA:28,0
DA:29,0
DA:31,1
DA:32,0
DA:33,0
DA:34,0
DA:36,1
DA:41,1
DA:42,2
DA:43,2
DA:44,0
DA:45,0
DA:46,0
DA:48,2
DA:49,2
DA:53,1
DA:54,2
DA:58,2
DA:59,0
DA:60,0
DA:61,0
DA:63,2
DA:65,1
DA:66,1
DA:68,1
DA:69,1
DA:74,1
DA:75,28
DA:76,18
DA:77,0
DA:78,0
DA:79,0
DA:81,18
DA:82,18
DA:83,18
DA:84,18
DA:86,0
DA:91,1
DA:92,2
DA:93,2
DA:94,0
DA:95,0
DA:96,0
DA:98,2
DA:100,1
DA:101,1
DA:103,1
DA:104,1
DA:108,1
LF:69
LH:47
BRDA:14,0,0,0
BRDA:14,0,1,2
BRDA:26,1,0,0
BRDA:26,1,1,1
BRDA:31,2,0,0
BRDA:31,2,1,1
BRDA:43,3,0,0
BRDA:43,3,1,2
BRDA:58,4,0,0
BRDA:58,4,1,2
BRDA:63,5,0,1
BRDA:63,5,1,1
BRDA:76,6,0,0
BRDA:76,6,1,18
BRDA:81,7,0,18
BRDA:81,7,1,0
BRDA:93,8,0,0
BRDA:93,8,1,2
BRDA:98,9,0,1
BRDA:98,9,1,1
BRF:20
BRH:12
end_of_record
TN:
SF:src\routes\clientsRoutes.js
FN:16,(anonymous_0)
FNF:1
FNH:1
FNDA:3,(anonymous_0)
DA:1,1
DA:2,1
DA:3,1
DA:4,1
DA:5,1
DA:9,1
DA:17,3
DA:18,3
DA:19,1
DA:21,2
DA:25,1
DA:28,1
DA:31,1
DA:34,1
DA:37,1
DA:40,1
LF:16
LH:16
BRDA:18,0,0,1
BRDA:18,0,1,2
BRF:2
BRH:2
end_of_record
